<?xml version="1.0" encoding="UTF-8"?>
<testsuite xmlns:xsi="http://www.w3.org/2001/XMLSchema-instance" xsi:noNamespaceSchemaLocation="https://maven.apache.org/surefire/maven-surefire-plugin/xsd/surefire-test-report.xsd" name="pro.paulek.test.TranslationTest" time="1.504" tests="3" errors="0" skipped="0" failures="0">
  <properties>
[...]
</properties>
  <testcase name="testAzureMulti" classname="pro.paulek.test.TranslationTest" time="1.181"/>
  <testcase name="ignore3ColorsTest" classname="pro.paulek.test.TranslationTest" time="0.136"/>
  <testcase name="testAzureSingle" classname="pro.paulek.test.TranslationTest" time="0.126"/>
</testsuite>